<?xml version="1.0" encoding="UTF-8"?>
<testsuite xmlns:xsi="http://www.w3.org/2001/XMLSchema-instance" xsi:noNamespaceSchemaLocation="https://maven.apache.org/surefire/maven-surefire-plugin/xsd/surefire-test-report-3.0.xsd" version="3.0" name="com.logical.tronixpayadmin.TronixpayadminApplicationTests" time="13.624" tests="1" errors="0" skipped="0" failures="0">
  <properties>
[...]
</properties>
  <testcase name="contextLoads" classname="com.logical.tronixpayadmin.TronixpayadminApplicationTests" time="1.822">
    <system-out><![CDATA[16:59:13.536 [main] INFO org.springframework.test.context.support.AnnotationConfigContextLoaderUtils -- Could not detect default configuration classes for test class [com.logical.tronixpayadmin.TronixpayadminApplicationTests]: TronixpayadminApplicationTests does not declare any static, non-private, non-final, nested classes annotated with @Configuration.
16:59:13.707 [main] INFO org.springframework.boot.test.context.SpringBootTestContextBootstrapper -- Found @SpringBootConfiguration com.logical.tronixpayadmin.TronixpayadminApplication for test class com.logical.tronixpayadmin.TronixpayadminApplicationTests
16:59:14.007 [main] INFO org.springframework.boot.devtools.restart.RestartApplicationListener -- Restart disabled due to context in which it is running

  .   ____          _            __ _ _
 /\\ / ___'_ __ _ _(_)_ __  __ _ \ \ \ \
( ( )\___ | '_ | '_| | '_ \/ _` | \ \ \ \
 \\/  ___)| |_)| | | | | || (_| |  ) ) ) )
  '  |____| .__|_| |_|_| |_\__, | / / / /
 =========|_|==============|___/=/_/_/_/
 :: Spring Boot ::               (v3.1.10)

2024-05-09T16:59:14.443+05:30  INFO 13932 --- [           main] c.l.t.TronixpayadminApplicationTests     : Starting TronixpayadminApplicationTests using Java 17.0.10 with PID 13932 (started by hp in E:\sass\tronixpayadmin)
2024-05-09T16:59:14.447+05:30  INFO 13932 --- [           main] c.l.t.TronixpayadminApplicationTests     : No active profile set, falling back to 1 default profile: "default"
2024-05-09T16:59:15.961+05:30  INFO 13932 --- [           main] .s.d.r.c.RepositoryConfigurationDelegate : Bootstrapping Spring Data JPA repositories in DEFAULT mode.
2024-05-09T16:59:16.202+05:30  INFO 13932 --- [           main] .s.d.r.c.RepositoryConfigurationDelegate : Finished Spring Data repository scanning in 225 ms. Found 11 JPA repository interfaces.
2024-05-09T16:59:17.193+05:30  INFO 13932 --- [           main] o.hibernate.jpa.internal.util.LogHelper  : HHH000204: Processing PersistenceUnitInfo [name: default]
2024-05-09T16:59:17.297+05:30  INFO 13932 --- [           main] org.hibernate.Version                    : HHH000412: Hibernate ORM core version 6.2.22.Final
2024-05-09T16:59:17.302+05:30  INFO 13932 --- [           main] org.hibernate.cfg.Environment            : HHH000406: Using bytecode reflection optimizer
2024-05-09T16:59:17.902+05:30  INFO 13932 --- [           main] o.s.o.j.p.SpringPersistenceUnitInfo      : No LoadTimeWeaver setup: ignoring JPA class transformer
2024-05-09T16:59:17.951+05:30  INFO 13932 --- [           main] com.zaxxer.hikari.HikariDataSource       : HikariPool-1 - Starting...
2024-05-09T16:59:19.174+05:30  INFO 13932 --- [           main] com.zaxxer.hikari.pool.HikariPool        : HikariPool-1 - Added connection com.mysql.cj.jdbc.ConnectionImpl@3386ed8
2024-05-09T16:59:19.179+05:30  INFO 13932 --- [           main] com.zaxxer.hikari.HikariDataSource       : HikariPool-1 - Start completed.
2024-05-09T16:59:19.287+05:30  WARN 13932 --- [           main] org.hibernate.orm.deprecation            : HHH90000025: MySQL8Dialect does not need to be specified explicitly using 'hibernate.dialect' (remove the property setting and it will be selected by default)
2024-05-09T16:59:19.289+05:30  WARN 13932 --- [           main] org.hibernate.orm.deprecation            : HHH90000026: MySQL8Dialect has been deprecated; use org.hibernate.dialect.MySQLDialect instead
2024-05-09T16:59:21.364+05:30  INFO 13932 --- [           main] o.h.e.t.j.p.i.JtaPlatformInitiator       : HHH000489: No JTA platform available (set 'hibernate.transaction.jta.platform' to enable JTA platform integration)
2024-05-09T16:59:21.976+05:30  INFO 13932 --- [           main] j.LocalContainerEntityManagerFactoryBean : Initialized JPA EntityManagerFactory for persistence unit 'default'
2024-05-09T16:59:23.925+05:30  WARN 13932 --- [           main] JpaBaseConfiguration$JpaWebConfiguration : spring.jpa.open-in-view is enabled by default. Therefore, database queries may be performed during view rendering. Explicitly configure spring.jpa.open-in-view to disable this warning
2024-05-09T16:59:23.952+05:30  INFO 13932 --- [           main] c.l.t.config.SecurityConfig              : Creating authenticationProvider bean
2024-05-09T16:59:24.479+05:30  INFO 13932 --- [           main] o.s.s.web.DefaultSecurityFilterChain     : Will secure any request with [org.springframework.security.web.session.DisableEncodeUrlFilter@bc85538, org.springframework.security.web.context.request.async.WebAsyncManagerIntegrationFilter@6fc9c0cc, org.springframework.security.web.context.SecurityContextHolderFilter@77035caa, org.springframework.security.web.header.HeaderWriterFilter@2c78771b, org.springframework.web.filter.CorsFilter@21a09c5a, org.springframework.security.web.authentication.logout.LogoutFilter@436867c3, org.springframework.security.web.authentication.www.BasicAuthenticationFilter@106e816c, org.springframework.security.web.savedrequest.RequestCacheAwareFilter@761d679f, org.springframework.security.web.servletapi.SecurityContextHolderAwareRequestFilter@30f0b75, org.springframework.security.web.authentication.AnonymousAuthenticationFilter@18d76c14, org.springframework.security.web.access.ExceptionTranslationFilter@19984625, org.springframework.security.web.access.intercept.AuthorizationFilter@a479c0c]
2024-05-09T16:59:24.993+05:30  INFO 13932 --- [           main] c.l.t.TronixpayadminApplicationTests     : Started TronixpayadminApplicationTests in 11.01 seconds (process running for 12.751)
]]></system-out>
  </testcase>
</testsuite>